--------------- Build Started: 05/04/2017 02:44:42 Project: KIT042_Accelerometer_LightPaint, Configuration: ARM GCC 4.9-2015-q1-update Debug ---------------
cydsfit.exe -.appdatapath "C:\Users\edmun\AppData\Local\Cypress Semiconductor\PSoC Creator\4.0" -.fdsnotice -.fdswarpdepfile=warp_dependencies.txt -.fdselabdepfile=elab_dependencies.txt -.fdsbldfile=generated_files.txt -.fdsreffile=referenced_files.txt -p "C:\Users\edmun\Desktop\safe\full_integration - Copy\KIT042_Accelerometer_LightPaint.cydsn\KIT042_Accelerometer_LightPaint.cyprj" -d CY8C4245AXI-483 -s "C:\Users\edmun\Desktop\safe\full_integration - Copy\KIT042_Accelerometer_LightPaint.cydsn\Generated_Source\PSoC4" -- -yv2 -q10 -ygs -o2 -v3 -.fftcfgtype=LE
Elaborating Design...
HDL Generation...
Synthesis...
Tech Mapping...
ADD: pft.M0040: information: The following 3 pin(s) will be assigned a location by the fitter: \UART:rx(0)\, Echo(0), Trigr(0)
Analog Placement...
Analog Routing...
Analog Code Generation...
Digital Placement...
Digital Routing...
Bitstream Generation...
Bitstream Verification...
Static timing analysis...
Warning: sta.M0019: KIT042_Accelerometer_LightPaint_timing.html: Warning-1366: Setup time violation found in a path from clock ( CyHFCLK ) to clock ( CyHFCLK ). (File=C:\Users\edmun\Desktop\safe\full_integration - Copy\KIT042_Accelerometer_LightPaint.cydsn\KIT042_Accelerometer_LightPaint_timing.html)
API Generation...
Dependency Generation...
Cleanup...
--------------- Build Skipped: 05/04/2017 02:44:51 ---------------
